<?xml version="1.0" encoding="UTF-8"?>
<!-- Generated by org.testng.reporters.JUnitXMLReporter -->
<testsuite ignored="0" hostname="LAPTOP-89J8GLLP" failures="0" tests="12" name="Surefire test" time="21.649" errors="0" timestamp="2025-02-19T21:52:16 IST">
  <testcase classname="api.test.DataDrivenTests" name="CreateUserTest" time="3.048"/>
  <testcase classname="api.test.DataDrivenTests" name="CreateUserTest" time="1.436"/>
  <testcase classname="api.test.DataDrivenTests" name="CreateUserTest" time="1.459"/>
  <testcase classname="api.test.DataDrivenTests" name="CreateUserTest" time="1.408"/>
  <testcase classname="api.test.DataDrivenTests" name="DeleteUserTestByNames" time="1.479"/>
  <testcase classname="api.test.DataDrivenTests" name="DeleteUserTestByNames" time="1.467"/>
  <testcase classname="api.test.DataDrivenTests" name="DeleteUserTestByNames" time="1.303"/>
  <testcase classname="api.test.DataDrivenTests" name="DeleteUserTestByNames" time="1.397"/>
  <testcase classname="api.test.UserTests" name="CreateUserTest" time="1.471"/>
  <testcase classname="api.test.UserTests" name="GetUserTest_ByName" time="1.404"/>
  <testcase classname="api.test.UserTests" name="UpdateUserTest_ByName" time="2.934"/>
  <testcase classname="api.test.UserTests" name="DeleteUserTest_ByName" time="1.389"/>
</testsuite> <!-- Surefire test -->
