<?xml version="1.0" encoding="UTF-8"?>
<!-- Generated by org.testng.reporters.JUnitXMLReporter -->
<testsuite ignored="0" hostname="LAPTOP-89J8GLLP" failures="0" tests="12" name="Surefire test" time="47.317" errors="0" timestamp="2024-10-03T21:57:57 IST">
  <testcase classname="api.test.DataDrivenTests" name="CreateUserTest" time="4.544"/>
  <testcase classname="api.test.DataDrivenTests" name="CreateUserTest" time="2.087"/>
  <testcase classname="api.test.DataDrivenTests" name="CreateUserTest" time="3.282"/>
  <testcase classname="api.test.DataDrivenTests" name="CreateUserTest" time="1.689"/>
  <testcase classname="api.test.DataDrivenTests" name="DeleteUserTestByNames" time="2.069"/>
  <testcase classname="api.test.DataDrivenTests" name="DeleteUserTestByNames" time="3.705"/>
  <testcase classname="api.test.DataDrivenTests" name="DeleteUserTestByNames" time="5.311"/>
  <testcase classname="api.test.DataDrivenTests" name="DeleteUserTestByNames" time="2.46"/>
  <testcase classname="api.test.UserTests" name="CreateUserTest" time="2.235"/>
  <testcase classname="api.test.UserTests" name="GetUserTest_ByName" time="4.122"/>
  <testcase classname="api.test.UserTests" name="UpdateUserTest_ByName" time="10.335"/>
  <testcase classname="api.test.UserTests" name="DeleteUserTest_ByName" time="3.584"/>
</testsuite> <!-- Surefire test -->
