<?xml version="1.0" encoding="UTF-8"?>
<!-- Generated by org.testng.reporters.JUnitXMLReporter -->
<testsuite ignored="0" hostname="LAPTOP-89J8GLLP" failures="0" tests="8" name="Default test" time="16.497" errors="0" timestamp="2024-10-02T16:47:28 IST">
  <testcase classname="api.test.DataDrivenTests" name="CreateUserTest" time="3.511"/>
  <testcase classname="api.test.DataDrivenTests" name="CreateUserTest" time="1.628"/>
  <testcase classname="api.test.DataDrivenTests" name="CreateUserTest" time="1.568"/>
  <testcase classname="api.test.DataDrivenTests" name="CreateUserTest" time="1.511"/>
  <testcase classname="api.test.DataDrivenTests" name="DeleteUserTestByNames" time="1.932"/>
  <testcase classname="api.test.DataDrivenTests" name="DeleteUserTestByNames" time="1.522"/>
  <testcase classname="api.test.DataDrivenTests" name="DeleteUserTestByNames" time="1.549"/>
  <testcase classname="api.test.DataDrivenTests" name="DeleteUserTestByNames" time="1.545"/>
</testsuite> <!-- Default test -->
