<?xml version="1.0" encoding="UTF-8"?>
<!-- Generated by org.testng.reporters.JUnitXMLReporter -->
<testsuite ignored="0" hostname="LAPTOP-89J8GLLP" failures="4" tests="16" name="Test" time="27.91" errors="0" timestamp="2024-10-03T21:29:22 IST">
  <testcase classname="api.test.UserTests" name="CreateUserTest" time="3.517"/>
  <testcase classname="api.test.UserTests" name="GetUserTest_ByName" time="1.776"/>
  <testcase classname="api.test.UserTests" name="UpdateUserTest_ByName" time="3.257"/>
  <testcase classname="api.test.UserTests" name="DeleteUserTest_ByName" time="3.161"/>
  <testcase classname="api.test.UserTests2_FromProperties" name="CreateUserTest" time="0.019">
    <failure type="java.util.MissingResourceException" message="Can&amp;apos;t find bundle for base name GlobalRoutes, locale en_IN">
      <![CDATA[java.util.MissingResourceException: Can't find bundle for base name GlobalRoutes, locale en_IN
at java.base/java.util.ResourceBundle.throwMissingResourceException(ResourceBundle.java:2059)
at java.base/java.util.ResourceBundle.getBundleImpl(ResourceBundle.java:1697)
at java.base/java.util.ResourceBundle.getBundleImpl(ResourceBundle.java:1600)
at java.base/java.util.ResourceBundle.getBundleImpl(ResourceBundle.java:1555)
at java.base/java.util.ResourceBundle.getBundle(ResourceBundle.java:861)
at api.endpoints.UserEndPoints_CRUD2_FromProperties.getURLsFromProperties(UserEndPoints_CRUD2_FromProperties.java:21)
at api.endpoints.UserEndPoints_CRUD2_FromProperties.CreateUser(UserEndPoints_CRUD2_FromProperties.java:32)
at api.test.UserTests2_FromProperties.CreateUserTest(UserTests2_FromProperties.java:50)
at java.base/java.util.ArrayList.forEach(ArrayList.java:1596)
... Removed 25 stack frames]]>
    </failure>
  </testcase> <!-- CreateUserTest -->
  <testcase classname="api.test.UserTests2_FromProperties" name="GetUserTest_ByName" time="0.003">
    <failure type="java.util.MissingResourceException" message="Can&amp;apos;t find bundle for base name GlobalRoutes, locale en_IN">
      <![CDATA[java.util.MissingResourceException: Can't find bundle for base name GlobalRoutes, locale en_IN
at java.base/java.util.ResourceBundle.throwMissingResourceException(ResourceBundle.java:2059)
at java.base/java.util.ResourceBundle.getBundleImpl(ResourceBundle.java:1697)
at java.base/java.util.ResourceBundle.getBundleImpl(ResourceBundle.java:1600)
at java.base/java.util.ResourceBundle.getBundleImpl(ResourceBundle.java:1555)
at java.base/java.util.ResourceBundle.getBundle(ResourceBundle.java:861)
at api.endpoints.UserEndPoints_CRUD2_FromProperties.getURLsFromProperties(UserEndPoints_CRUD2_FromProperties.java:21)
at api.endpoints.UserEndPoints_CRUD2_FromProperties.GetUser(UserEndPoints_CRUD2_FromProperties.java:45)
at api.test.UserTests2_FromProperties.GetUserTest_ByName(UserTests2_FromProperties.java:64)
at java.base/java.util.ArrayList.forEach(ArrayList.java:1596)
... Removed 25 stack frames]]>
    </failure>
  </testcase> <!-- GetUserTest_ByName -->
  <testcase classname="api.test.UserTests2_FromProperties" name="UpdateUserTest_ByName" time="0.01">
    <failure type="java.util.MissingResourceException" message="Can&amp;apos;t find bundle for base name GlobalRoutes, locale en_IN">
      <![CDATA[java.util.MissingResourceException: Can't find bundle for base name GlobalRoutes, locale en_IN
at java.base/java.util.ResourceBundle.throwMissingResourceException(ResourceBundle.java:2059)
at java.base/java.util.ResourceBundle.getBundleImpl(ResourceBundle.java:1697)
at java.base/java.util.ResourceBundle.getBundleImpl(ResourceBundle.java:1600)
at java.base/java.util.ResourceBundle.getBundleImpl(ResourceBundle.java:1555)
at java.base/java.util.ResourceBundle.getBundle(ResourceBundle.java:861)
at api.endpoints.UserEndPoints_CRUD2_FromProperties.getURLsFromProperties(UserEndPoints_CRUD2_FromProperties.java:21)
at api.endpoints.UserEndPoints_CRUD2_FromProperties.UpdateteUser(UserEndPoints_CRUD2_FromProperties.java:56)
at api.test.UserTests2_FromProperties.UpdateUserTest_ByName(UserTests2_FromProperties.java:83)
at java.base/java.util.ArrayList.forEach(ArrayList.java:1596)
... Removed 25 stack frames]]>
    </failure>
  </testcase> <!-- UpdateUserTest_ByName -->
  <testcase classname="api.test.UserTests2_FromProperties" name="DeleteUserTest_ByName" time="0.002">
    <failure type="java.util.MissingResourceException" message="Can&amp;apos;t find bundle for base name GlobalRoutes, locale en_IN">
      <![CDATA[java.util.MissingResourceException: Can't find bundle for base name GlobalRoutes, locale en_IN
at java.base/java.util.ResourceBundle.throwMissingResourceException(ResourceBundle.java:2059)
at java.base/java.util.ResourceBundle.getBundleImpl(ResourceBundle.java:1697)
at java.base/java.util.ResourceBundle.getBundleImpl(ResourceBundle.java:1600)
at java.base/java.util.ResourceBundle.getBundleImpl(ResourceBundle.java:1555)
at java.base/java.util.ResourceBundle.getBundle(ResourceBundle.java:861)
at api.endpoints.UserEndPoints_CRUD2_FromProperties.getURLsFromProperties(UserEndPoints_CRUD2_FromProperties.java:21)
at api.endpoints.UserEndPoints_CRUD2_FromProperties.DeleteUser(UserEndPoints_CRUD2_FromProperties.java:70)
at api.test.UserTests2_FromProperties.DeleteUserTest_ByName(UserTests2_FromProperties.java:104)
at java.base/java.util.ArrayList.forEach(ArrayList.java:1596)
... Removed 25 stack frames]]>
    </failure>
  </testcase> <!-- DeleteUserTest_ByName -->
  <testcase classname="api.test.DataDrivenTests" name="CreateUserTest" time="1.77"/>
  <testcase classname="api.test.DataDrivenTests" name="CreateUserTest" time="1.725"/>
  <testcase classname="api.test.DataDrivenTests" name="CreateUserTest" time="1.709"/>
  <testcase classname="api.test.DataDrivenTests" name="CreateUserTest" time="2.035"/>
  <testcase classname="api.test.DataDrivenTests" name="DeleteUserTestByNames" time="1.717"/>
  <testcase classname="api.test.DataDrivenTests" name="DeleteUserTestByNames" time="1.628"/>
  <testcase classname="api.test.DataDrivenTests" name="DeleteUserTestByNames" time="1.631"/>
  <testcase classname="api.test.DataDrivenTests" name="DeleteUserTestByNames" time="1.765"/>
</testsuite> <!-- Test -->
