<?xml version="1.0" encoding="UTF-8"?>
<testng-results ignored="0" total="12" passed="12" failed="0" skipped="0">
  <reporter-output>
  </reporter-output>
  <suite started-at="2024-10-03T21:57:10 IST" name="Surefire suite" finished-at="2024-10-03T21:57:57 IST" duration-ms="47317">
    <groups>
    </groups>
    <test started-at="2024-10-03T21:57:10 IST" name="Surefire test" finished-at="2024-10-03T21:57:57 IST" duration-ms="47317">
      <class name="api.test.DataDrivenTests">
        <test-method signature="CreateUserTest(java.lang.String,java.lang.String,java.lang.String,java.lang.String,java.lang.String,java.lang.String,java.lang.String)[pri:1, instance:api.test.DataDrivenTests@12b0404f]" started-at="2024-10-03T21:57:12 IST" name="CreateUserTest" data-provider="Data" finished-at="2024-10-03T21:57:16 IST" duration-ms="4544" status="PASS">
          <params>
            <param index="0">
              <value>
                <![CDATA[11]]>
              </value>
            </param>
            <param index="1">
              <value>
                <![CDATA[Prabha]]>
              </value>
            </param>
            <param index="2">
              <value>
                <![CDATA[Prabhakar]]>
              </value>
            </param>
            <param index="3">
              <value>
                <![CDATA[Nakka]]>
              </value>
            </param>
            <param index="4">
              <value>
                <![CDATA[Prabha@gmail.com]]>
              </value>
            </param>
            <param index="5">
              <value>
                <![CDATA[Prabha@1]]>
              </value>
            </param>
            <param index="6">
              <value>
                <![CDATA[1234567890]]>
              </value>
            </param>
          </params>
          <reporter-output>
          </reporter-output>
        </test-method> <!-- CreateUserTest -->
        <test-method signature="CreateUserTest(java.lang.String,java.lang.String,java.lang.String,java.lang.String,java.lang.String,java.lang.String,java.lang.String)[pri:1, instance:api.test.DataDrivenTests@12b0404f]" started-at="2024-10-03T21:57:16 IST" name="CreateUserTest" data-provider="Data" finished-at="2024-10-03T21:57:18 IST" duration-ms="2087" status="PASS">
          <params>
            <param index="0">
              <value>
                <![CDATA[22]]>
              </value>
            </param>
            <param index="1">
              <value>
                <![CDATA[Somi]]>
              </value>
            </param>
            <param index="2">
              <value>
                <![CDATA[SomiReddy]]>
              </value>
            </param>
            <param index="3">
              <value>
                <![CDATA[Udumula]]>
              </value>
            </param>
            <param index="4">
              <value>
                <![CDATA[Somi@gmail.com]]>
              </value>
            </param>
            <param index="5">
              <value>
                <![CDATA[Somi@2]]>
              </value>
            </param>
            <param index="6">
              <value>
                <![CDATA[1011121314]]>
              </value>
            </param>
          </params>
          <reporter-output>
          </reporter-output>
        </test-method> <!-- CreateUserTest -->
        <test-method signature="CreateUserTest(java.lang.String,java.lang.String,java.lang.String,java.lang.String,java.lang.String,java.lang.String,java.lang.String)[pri:1, instance:api.test.DataDrivenTests@12b0404f]" started-at="2024-10-03T21:57:18 IST" name="CreateUserTest" data-provider="Data" finished-at="2024-10-03T21:57:21 IST" duration-ms="3282" status="PASS">
          <params>
            <param index="0">
              <value>
                <![CDATA[33]]>
              </value>
            </param>
            <param index="1">
              <value>
                <![CDATA[Bhargav]]>
              </value>
            </param>
            <param index="2">
              <value>
                <![CDATA[Sai Bahrgav]]>
              </value>
            </param>
            <param index="3">
              <value>
                <![CDATA[Munaga]]>
              </value>
            </param>
            <param index="4">
              <value>
                <![CDATA[Bhargav@gmail.com]]>
              </value>
            </param>
            <param index="5">
              <value>
                <![CDATA[Bhargav@3]]>
              </value>
            </param>
            <param index="6">
              <value>
                <![CDATA[1516171819]]>
              </value>
            </param>
          </params>
          <reporter-output>
          </reporter-output>
        </test-method> <!-- CreateUserTest -->
        <test-method signature="CreateUserTest(java.lang.String,java.lang.String,java.lang.String,java.lang.String,java.lang.String,java.lang.String,java.lang.String)[pri:1, instance:api.test.DataDrivenTests@12b0404f]" started-at="2024-10-03T21:57:21 IST" name="CreateUserTest" data-provider="Data" finished-at="2024-10-03T21:57:23 IST" duration-ms="1689" status="PASS">
          <params>
            <param index="0">
              <value>
                <![CDATA[44]]>
              </value>
            </param>
            <param index="1">
              <value>
                <![CDATA[Harish]]>
              </value>
            </param>
            <param index="2">
              <value>
                <![CDATA[Harish]]>
              </value>
            </param>
            <param index="3">
              <value>
                <![CDATA[Thaduvai]]>
              </value>
            </param>
            <param index="4">
              <value>
                <![CDATA[Harish@gmail.com]]>
              </value>
            </param>
            <param index="5">
              <value>
                <![CDATA[Harish@4]]>
              </value>
            </param>
            <param index="6">
              <value>
                <![CDATA[2021222324]]>
              </value>
            </param>
          </params>
          <reporter-output>
          </reporter-output>
        </test-method> <!-- CreateUserTest -->
        <test-method signature="DeleteUserTestByNames(java.lang.String)[pri:2, instance:api.test.DataDrivenTests@12b0404f]" started-at="2024-10-03T21:57:23 IST" name="DeleteUserTestByNames" data-provider="UserNames" finished-at="2024-10-03T21:57:25 IST" duration-ms="2069" status="PASS">
          <params>
            <param index="0">
              <value>
                <![CDATA[Prabha]]>
              </value>
            </param>
          </params>
          <reporter-output>
          </reporter-output>
        </test-method> <!-- DeleteUserTestByNames -->
        <test-method signature="DeleteUserTestByNames(java.lang.String)[pri:2, instance:api.test.DataDrivenTests@12b0404f]" started-at="2024-10-03T21:57:25 IST" name="DeleteUserTestByNames" data-provider="UserNames" finished-at="2024-10-03T21:57:29 IST" duration-ms="3705" status="PASS">
          <params>
            <param index="0">
              <value>
                <![CDATA[Somi]]>
              </value>
            </param>
          </params>
          <reporter-output>
          </reporter-output>
        </test-method> <!-- DeleteUserTestByNames -->
        <test-method signature="DeleteUserTestByNames(java.lang.String)[pri:2, instance:api.test.DataDrivenTests@12b0404f]" started-at="2024-10-03T21:57:29 IST" name="DeleteUserTestByNames" data-provider="UserNames" finished-at="2024-10-03T21:57:34 IST" duration-ms="5311" status="PASS">
          <params>
            <param index="0">
              <value>
                <![CDATA[Bhargav]]>
              </value>
            </param>
          </params>
          <reporter-output>
          </reporter-output>
        </test-method> <!-- DeleteUserTestByNames -->
        <test-method signature="DeleteUserTestByNames(java.lang.String)[pri:2, instance:api.test.DataDrivenTests@12b0404f]" started-at="2024-10-03T21:57:34 IST" name="DeleteUserTestByNames" data-provider="UserNames" finished-at="2024-10-03T21:57:37 IST" duration-ms="2460" status="PASS">
          <params>
            <param index="0">
              <value>
                <![CDATA[Harish]]>
              </value>
            </param>
          </params>
          <reporter-output>
          </reporter-output>
        </test-method> <!-- DeleteUserTestByNames -->
      </class> <!-- api.test.DataDrivenTests -->
      <class name="api.test.UserTests">
        <test-method is-config="true" signature="Setup_FakerData()[pri:0, instance:api.test.UserTests@5223e5ee]" started-at="2024-10-03T21:57:37 IST" name="Setup_FakerData" finished-at="2024-10-03T21:57:37 IST" duration-ms="184" status="PASS">
          <reporter-output>
          </reporter-output>
        </test-method> <!-- Setup_FakerData -->
        <test-method signature="CreateUserTest()[pri:1, instance:api.test.UserTests@5223e5ee]" started-at="2024-10-03T21:57:37 IST" name="CreateUserTest" finished-at="2024-10-03T21:57:39 IST" duration-ms="2235" status="PASS">
          <reporter-output>
          </reporter-output>
        </test-method> <!-- CreateUserTest -->
        <test-method signature="GetUserTest_ByName()[pri:2, instance:api.test.UserTests@5223e5ee]" started-at="2024-10-03T21:57:39 IST" name="GetUserTest_ByName" finished-at="2024-10-03T21:57:43 IST" duration-ms="4122" status="PASS">
          <reporter-output>
          </reporter-output>
        </test-method> <!-- GetUserTest_ByName -->
        <test-method signature="UpdateUserTest_ByName()[pri:3, instance:api.test.UserTests@5223e5ee]" started-at="2024-10-03T21:57:43 IST" name="UpdateUserTest_ByName" finished-at="2024-10-03T21:57:54 IST" duration-ms="10335" status="PASS">
          <reporter-output>
          </reporter-output>
        </test-method> <!-- UpdateUserTest_ByName -->
        <test-method signature="DeleteUserTest_ByName()[pri:4, instance:api.test.UserTests@5223e5ee]" started-at="2024-10-03T21:57:54 IST" name="DeleteUserTest_ByName" finished-at="2024-10-03T21:57:57 IST" duration-ms="3584" status="PASS">
          <reporter-output>
          </reporter-output>
        </test-method> <!-- DeleteUserTest_ByName -->
      </class> <!-- api.test.UserTests -->
    </test> <!-- Surefire test -->
  </suite> <!-- Surefire suite -->
</testng-results>
