<?xml version="1.0" encoding="UTF-8"?>
<testng-results ignored="0" total="12" passed="12" failed="0" skipped="0">
  <reporter-output>
  </reporter-output>
  <suite started-at="2025-02-19T21:51:54 IST" name="Surefire suite" finished-at="2025-02-19T21:52:16 IST" duration-ms="21649">
    <groups>
    </groups>
    <test started-at="2025-02-19T21:51:54 IST" name="Surefire test" finished-at="2025-02-19T21:52:16 IST" duration-ms="21649">
      <class name="api.test.DataDrivenTests">
        <test-method signature="CreateUserTest(java.lang.String,java.lang.String,java.lang.String,java.lang.String,java.lang.String,java.lang.String,java.lang.String)[pri:1, instance:api.test.DataDrivenTests@12b0404f]" started-at="2025-02-19T21:51:56 IST" name="CreateUserTest" data-provider="Data" finished-at="2025-02-19T21:51:59 IST" duration-ms="3048" status="PASS">
          <params>
            <param index="0">
              <value>
                <![CDATA[11]]>
              </value>
            </param>
            <param index="1">
              <value>
                <![CDATA[Prabha]]>
              </value>
            </param>
            <param index="2">
              <value>
                <![CDATA[Prabhakar]]>
              </value>
            </param>
            <param index="3">
              <value>
                <![CDATA[Nakka]]>
              </value>
            </param>
            <param index="4">
              <value>
                <![CDATA[Prabha@gmail.com]]>
              </value>
            </param>
            <param index="5">
              <value>
                <![CDATA[Prabha@1]]>
              </value>
            </param>
            <param index="6">
              <value>
                <![CDATA[1234567890]]>
              </value>
            </param>
          </params>
          <reporter-output>
          </reporter-output>
        </test-method> <!-- CreateUserTest -->
        <test-method signature="CreateUserTest(java.lang.String,java.lang.String,java.lang.String,java.lang.String,java.lang.String,java.lang.String,java.lang.String)[pri:1, instance:api.test.DataDrivenTests@12b0404f]" started-at="2025-02-19T21:51:59 IST" name="CreateUserTest" data-provider="Data" finished-at="2025-02-19T21:52:00 IST" duration-ms="1436" status="PASS">
          <params>
            <param index="0">
              <value>
                <![CDATA[22]]>
              </value>
            </param>
            <param index="1">
              <value>
                <![CDATA[Somi]]>
              </value>
            </param>
            <param index="2">
              <value>
                <![CDATA[SomiReddy]]>
              </value>
            </param>
            <param index="3">
              <value>
                <![CDATA[Udumula]]>
              </value>
            </param>
            <param index="4">
              <value>
                <![CDATA[Somi@gmail.com]]>
              </value>
            </param>
            <param index="5">
              <value>
                <![CDATA[Somi@2]]>
              </value>
            </param>
            <param index="6">
              <value>
                <![CDATA[1011121314]]>
              </value>
            </param>
          </params>
          <reporter-output>
          </reporter-output>
        </test-method> <!-- CreateUserTest -->
        <test-method signature="CreateUserTest(java.lang.String,java.lang.String,java.lang.String,java.lang.String,java.lang.String,java.lang.String,java.lang.String)[pri:1, instance:api.test.DataDrivenTests@12b0404f]" started-at="2025-02-19T21:52:00 IST" name="CreateUserTest" data-provider="Data" finished-at="2025-02-19T21:52:01 IST" duration-ms="1459" status="PASS">
          <params>
            <param index="0">
              <value>
                <![CDATA[33]]>
              </value>
            </param>
            <param index="1">
              <value>
                <![CDATA[Bhargav]]>
              </value>
            </param>
            <param index="2">
              <value>
                <![CDATA[Sai Bahrgav]]>
              </value>
            </param>
            <param index="3">
              <value>
                <![CDATA[Munaga]]>
              </value>
            </param>
            <param index="4">
              <value>
                <![CDATA[Bhargav@gmail.com]]>
              </value>
            </param>
            <param index="5">
              <value>
                <![CDATA[Bhargav@3]]>
              </value>
            </param>
            <param index="6">
              <value>
                <![CDATA[1516171819]]>
              </value>
            </param>
          </params>
          <reporter-output>
          </reporter-output>
        </test-method> <!-- CreateUserTest -->
        <test-method signature="CreateUserTest(java.lang.String,java.lang.String,java.lang.String,java.lang.String,java.lang.String,java.lang.String,java.lang.String)[pri:1, instance:api.test.DataDrivenTests@12b0404f]" started-at="2025-02-19T21:52:01 IST" name="CreateUserTest" data-provider="Data" finished-at="2025-02-19T21:52:03 IST" duration-ms="1408" status="PASS">
          <params>
            <param index="0">
              <value>
                <![CDATA[44]]>
              </value>
            </param>
            <param index="1">
              <value>
                <![CDATA[Harish]]>
              </value>
            </param>
            <param index="2">
              <value>
                <![CDATA[Harish]]>
              </value>
            </param>
            <param index="3">
              <value>
                <![CDATA[Thaduvai]]>
              </value>
            </param>
            <param index="4">
              <value>
                <![CDATA[Harish@gmail.com]]>
              </value>
            </param>
            <param index="5">
              <value>
                <![CDATA[Harish@4]]>
              </value>
            </param>
            <param index="6">
              <value>
                <![CDATA[2021222324]]>
              </value>
            </param>
          </params>
          <reporter-output>
          </reporter-output>
        </test-method> <!-- CreateUserTest -->
        <test-method signature="DeleteUserTestByNames(java.lang.String)[pri:2, instance:api.test.DataDrivenTests@12b0404f]" started-at="2025-02-19T21:52:03 IST" name="DeleteUserTestByNames" data-provider="UserNames" finished-at="2025-02-19T21:52:04 IST" duration-ms="1479" status="PASS">
          <params>
            <param index="0">
              <value>
                <![CDATA[Prabha]]>
              </value>
            </param>
          </params>
          <reporter-output>
          </reporter-output>
        </test-method> <!-- DeleteUserTestByNames -->
        <test-method signature="DeleteUserTestByNames(java.lang.String)[pri:2, instance:api.test.DataDrivenTests@12b0404f]" started-at="2025-02-19T21:52:04 IST" name="DeleteUserTestByNames" data-provider="UserNames" finished-at="2025-02-19T21:52:06 IST" duration-ms="1467" status="PASS">
          <params>
            <param index="0">
              <value>
                <![CDATA[Somi]]>
              </value>
            </param>
          </params>
          <reporter-output>
          </reporter-output>
        </test-method> <!-- DeleteUserTestByNames -->
        <test-method signature="DeleteUserTestByNames(java.lang.String)[pri:2, instance:api.test.DataDrivenTests@12b0404f]" started-at="2025-02-19T21:52:06 IST" name="DeleteUserTestByNames" data-provider="UserNames" finished-at="2025-02-19T21:52:07 IST" duration-ms="1303" status="PASS">
          <params>
            <param index="0">
              <value>
                <![CDATA[Bhargav]]>
              </value>
            </param>
          </params>
          <reporter-output>
          </reporter-output>
        </test-method> <!-- DeleteUserTestByNames -->
        <test-method signature="DeleteUserTestByNames(java.lang.String)[pri:2, instance:api.test.DataDrivenTests@12b0404f]" started-at="2025-02-19T21:52:07 IST" name="DeleteUserTestByNames" data-provider="UserNames" finished-at="2025-02-19T21:52:09 IST" duration-ms="1397" status="PASS">
          <params>
            <param index="0">
              <value>
                <![CDATA[Harish]]>
              </value>
            </param>
          </params>
          <reporter-output>
          </reporter-output>
        </test-method> <!-- DeleteUserTestByNames -->
      </class> <!-- api.test.DataDrivenTests -->
      <class name="api.test.UserTests">
        <test-method is-config="true" signature="Setup_FakerData()[pri:0, instance:api.test.UserTests@5223e5ee]" started-at="2025-02-19T21:52:09 IST" name="Setup_FakerData" finished-at="2025-02-19T21:52:09 IST" duration-ms="229" status="PASS">
          <reporter-output>
          </reporter-output>
        </test-method> <!-- Setup_FakerData -->
        <test-method signature="CreateUserTest()[pri:1, instance:api.test.UserTests@5223e5ee]" started-at="2025-02-19T21:52:09 IST" name="CreateUserTest" finished-at="2025-02-19T21:52:10 IST" duration-ms="1471" status="PASS">
          <reporter-output>
          </reporter-output>
        </test-method> <!-- CreateUserTest -->
        <test-method signature="GetUserTest_ByName()[pri:2, instance:api.test.UserTests@5223e5ee]" started-at="2025-02-19T21:52:10 IST" name="GetUserTest_ByName" finished-at="2025-02-19T21:52:12 IST" duration-ms="1404" status="PASS">
          <reporter-output>
          </reporter-output>
        </test-method> <!-- GetUserTest_ByName -->
        <test-method signature="UpdateUserTest_ByName()[pri:3, instance:api.test.UserTests@5223e5ee]" started-at="2025-02-19T21:52:12 IST" name="UpdateUserTest_ByName" finished-at="2025-02-19T21:52:15 IST" duration-ms="2934" status="PASS">
          <reporter-output>
          </reporter-output>
        </test-method> <!-- UpdateUserTest_ByName -->
        <test-method signature="DeleteUserTest_ByName()[pri:4, instance:api.test.UserTests@5223e5ee]" started-at="2025-02-19T21:52:15 IST" name="DeleteUserTest_ByName" finished-at="2025-02-19T21:52:16 IST" duration-ms="1389" status="PASS">
          <reporter-output>
          </reporter-output>
        </test-method> <!-- DeleteUserTest_ByName -->
      </class> <!-- api.test.UserTests -->
    </test> <!-- Surefire test -->
  </suite> <!-- Surefire suite -->
</testng-results>
