<?xml version="1.0" encoding="UTF-8"?>
<testsuite xmlns:xsi="http://www.w3.org/2001/XMLSchema-instance" xsi:noNamespaceSchemaLocation="https://maven.apache.org/surefire/maven-surefire-plugin/xsd/surefire-test-report.xsd" version="3.0.2" name="TestSuite" time="48.194" tests="12" errors="0" skipped="0" failures="0">
  <properties>
[...]
</properties>
  <testcase name="CreateUserTest[11, Prabha, Prabhakar, Nakka, Prabha@gmail.com, Prabha@1, 1234567890](1)" classname="api.test.DataDrivenTests" time="4.534">
    <system-out><![CDATA[2024-10-03T16:27:10.714486600Z main ERROR Log4j2 could not find a logging implementation. Please add log4j-core to the classpath. Using SimpleLogger to log to the console...
]]></system-out>
    <system-err><![CDATA[SLF4J: Failed to load class "org.slf4j.impl.StaticLoggerBinder".
SLF4J: Defaulting to no-operation (NOP) logger implementation
SLF4J: See http://www.slf4j.org/codes.html#StaticLoggerBinder for further details.
]]></system-err>
  </testcase>
  <testcase name="CreateUserTest[22, Somi, SomiReddy, Udumula, Somi@gmail.com, Somi@2, 1011121314](2)" classname="api.test.DataDrivenTests" time="2.107"/>
  <testcase name="CreateUserTest[33, Bhargav, Sai Bahrgav, Munaga, Bhargav@gmail.com, Bhargav@3, 1516171819](3)" classname="api.test.DataDrivenTests" time="3.29"/>
  <testcase name="CreateUserTest[44, Harish, Harish, Thaduvai, Harish@gmail.com, Harish@4, 2021222324](4)" classname="api.test.DataDrivenTests" time="1.671"/>
  <testcase name="DeleteUserTestByNames[Prabha](1)" classname="api.test.DataDrivenTests" time="2.08"/>
  <testcase name="DeleteUserTestByNames[Somi](2)" classname="api.test.DataDrivenTests" time="3.697"/>
  <testcase name="DeleteUserTestByNames[Bhargav](3)" classname="api.test.DataDrivenTests" time="5.334"/>
  <testcase name="DeleteUserTestByNames[Harish](4)" classname="api.test.DataDrivenTests" time="2.463"/>
  <testcase name="CreateUserTest" classname="api.test.UserTests" time="2.237">
    <system-out><![CDATA[HTTP/1.1 200 OK
Date: Thu, 03 Oct 2024 16:27:39 GMT
Content-Type: application/json
Transfer-Encoding: chunked
Connection: close
Access-Control-Allow-Origin: *
Access-Control-Allow-Methods: GET, POST, DELETE, PUT
Access-Control-Allow-Headers: Content-Type, api_key, Authorization
Server: Jetty(9.2.9.v20150224)

{
    "code": 200,
    "type": "unknown",
    "message": "1898870910"
}
]]></system-out>
  </testcase>
  <testcase name="GetUserTest_ByName" classname="api.test.UserTests" time="4.15">
    <system-out><![CDATA[HTTP/1.1 200 OK
Date: Thu, 03 Oct 2024 16:27:42 GMT
Content-Type: application/json
Transfer-Encoding: chunked
Connection: close
Access-Control-Allow-Origin: *
Access-Control-Allow-Methods: GET, POST, DELETE, PUT
Access-Control-Allow-Headers: Content-Type, api_key, Authorization
Server: Jetty(9.2.9.v20150224)

{
    "id": 1898870910,
    "username": "cris.stokes",
    "firstName": "Wilson",
    "lastName": "Koch",
    "email": "virgil.denesik@example.com",
    "password": "0ffzwr0b3",
    "phone": "(003) 495-7009",
    "userStatus": 0
}
]]></system-out>
  </testcase>
  <testcase name="UpdateUserTest_ByName" classname="api.test.UserTests" time="10.314">
    <system-out><![CDATA[HTTP/1.1 200 OK
Date: Thu, 03 Oct 2024 16:27:47 GMT
Content-Type: application/json
Transfer-Encoding: chunked
Connection: keep-alive
Access-Control-Allow-Origin: *
Access-Control-Allow-Methods: GET, POST, DELETE, PUT
Access-Control-Allow-Headers: Content-Type, api_key, Authorization
Server: Jetty(9.2.9.v20150224)

{
    "code": 200,
    "type": "unknown",
    "message": "1898870910"
}
HTTP/1.1 200 OK
Date: Thu, 03 Oct 2024 16:27:47 GMT
Content-Type: application/json
Transfer-Encoding: chunked
Connection: keep-alive
Access-Control-Allow-Origin: *
Access-Control-Allow-Methods: GET, POST, DELETE, PUT
Access-Control-Allow-Headers: Content-Type, api_key, Authorization
Server: Jetty(9.2.9.v20150224)

{
    "code": 200,
    "type": "unknown",
    "message": "1898870910"
}
]]></system-out>
  </testcase>
  <testcase name="DeleteUserTest_ByName" classname="api.test.UserTests" time="3.599">
    <system-out><![CDATA[HTTP/1.1 200 OK
Date: Thu, 03 Oct 2024 16:27:57 GMT
Content-Type: application/json
Transfer-Encoding: chunked
Connection: keep-alive
Access-Control-Allow-Origin: *
Access-Control-Allow-Methods: GET, POST, DELETE, PUT
Access-Control-Allow-Headers: Content-Type, api_key, Authorization
Server: Jetty(9.2.9.v20150224)

{
    "code": 200,
    "type": "unknown",
    "message": "cris.stokes"
}
]]></system-out>
  </testcase>
</testsuite>